TN:
SF:lib/identity-client.js
FN:16,identityClientInit
FN:81,generateIdentityAuthUrl
FN:129,refreshIdentityToken
FNF:3
FNH:2
FNDA:10,identityClientInit
FNDA:0,generateIdentityAuthUrl
FNDA:3,refreshIdentityToken
DA:1,1
DA:2,1
DA:3,1
DA:4,1
DA:5,1
DA:6,1
DA:7,1
DA:8,1
DA:9,1
DA:10,1
DA:11,1
DA:12,1
DA:13,1
DA:14,1
DA:15,1
DA:16,1
DA:17,10
DA:18,10
DA:19,10
DA:20,10
DA:21,10
DA:22,10
DA:23,10
DA:24,10
DA:25,10
DA:26,10
DA:27,10
DA:28,10
DA:29,10
DA:30,10
DA:31,10
DA:32,10
DA:33,10
DA:34,10
DA:35,0
DA:36,0
DA:37,10
DA:38,10
DA:39,10
DA:40,10
DA:41,10
DA:42,10
DA:43,10
DA:44,10
DA:45,10
DA:46,10
DA:47,10
DA:48,10
DA:49,10
DA:50,10
DA:51,0
DA:52,0
DA:53,0
DA:54,0
DA:55,0
DA:56,0
DA:57,10
DA:58,0
DA:59,0
DA:60,0
DA:61,0
DA:62,0
DA:63,0
DA:64,0
DA:65,0
DA:66,0
DA:67,0
DA:68,0
DA:69,0
DA:70,0
DA:71,0
DA:72,0
DA:73,0
DA:74,0
DA:75,0
DA:76,0
DA:77,10
DA:78,10
DA:79,1
DA:80,1
DA:81,0
DA:82,0
DA:83,0
DA:84,0
DA:85,0
DA:86,0
DA:87,0
DA:88,0
DA:89,0
DA:90,0
DA:91,0
DA:92,0
DA:93,0
DA:94,0
DA:95,0
DA:96,0
DA:97,0
DA:98,0
DA:99,0
DA:100,0
DA:101,0
DA:102,0
DA:103,0
DA:104,0
DA:105,0
DA:106,0
DA:107,0
DA:108,0
DA:109,0
DA:110,0
DA:111,0
DA:112,0
DA:113,0
DA:114,0
DA:115,0
DA:116,0
DA:117,0
DA:118,0
DA:119,0
DA:120,0
DA:121,0
DA:122,0
DA:123,0
DA:124,0
DA:125,0
DA:126,0
DA:127,0
DA:128,1
DA:129,3
DA:130,3
DA:131,0
DA:132,0
DA:133,3
DA:134,3
DA:135,3
DA:136,3
DA:137,3
DA:138,1
DA:139,1
DA:140,1
DA:141,1
DA:142,1
DA:143,1
DA:144,1
DA:145,1
DA:146,1
DA:147,3
DA:148,1
DA:149,1
DA:150,1
DA:151,1
DA:152,1
DA:153,1
DA:154,1
DA:155,1
DA:156,1
DA:157,1
LF:157
LH:81
BRDA:1,0,0,1
BRDA:16,1,0,10
BRDA:34,2,0,0
BRDA:50,3,0,0
BRDA:57,4,0,0
BRDA:129,5,0,3
BRDA:130,6,0,0
BRDA:138,7,0,1
BRF:8
BRH:4
end_of_record
TN:
SF:lib/interaction-policy.js
FNF:0
FNH:0
DA:1,1
DA:2,1
DA:3,1
DA:4,1
DA:5,1
DA:6,1
DA:7,1
DA:8,1
DA:9,1
DA:10,1
DA:11,1
DA:12,0
DA:13,0
DA:14,0
DA:15,0
DA:16,0
DA:17,0
DA:18,1
DA:19,1
DA:20,1
DA:21,1
DA:22,1
DA:23,1
DA:24,1
LF:24
LH:18
BRDA:1,0,0,1
BRF:1
BRH:1
end_of_record
TN:
SF:lib/logger.js
FN:30,createRequestLogger
FNF:1
FNH:1
FNDA:11,createRequestLogger
DA:1,1
DA:2,1
DA:3,1
DA:4,1
DA:5,1
DA:6,1
DA:7,1
DA:8,1
DA:9,63
DA:10,63
DA:11,1
DA:12,1
DA:13,1
DA:14,1
DA:15,1
DA:16,1
DA:17,1
DA:18,1
DA:19,1
DA:20,1
DA:21,1
DA:22,1
DA:23,1
DA:24,1
DA:25,1
DA:26,1
DA:27,1
DA:28,1
DA:29,1
DA:30,1
DA:31,11
DA:32,1
DA:33,1
DA:34,10
DA:35,11
DA:36,11
DA:37,11
DA:38,11
DA:39,11
DA:40,11
DA:41,11
DA:42,11
DA:43,11
DA:44,11
DA:45,1
DA:46,1
DA:47,10
DA:48,10
DA:49,11
DA:50,1
DA:51,1
DA:52,1
LF:52
LH:52
BRDA:1,0,0,1
BRDA:8,1,0,63
BRDA:9,2,0,425
BRDA:30,3,0,11
BRDA:31,4,0,1
BRDA:34,5,0,10
BRDA:35,6,0,9
BRDA:36,7,0,7
BRDA:36,8,0,9
BRDA:37,9,0,0
BRDA:40,10,0,0
BRDA:41,11,0,0
BRDA:44,12,0,1
BRDA:47,13,0,10
BRF:14
BRH:11
end_of_record
TN:
SF:lib/provider-config.js
FN:50,scope
FN:56,url
FNF:2
FNH:0
FNDA:0,scope
FNDA:0,url
DA:1,1
DA:2,1
DA:3,1
DA:4,1
DA:5,1
DA:6,1
DA:7,1
DA:8,1
DA:9,1
DA:10,1
DA:11,1
DA:12,1
DA:13,1
DA:14,1
DA:15,0
DA:16,0
DA:17,1
DA:18,1
DA:19,1
DA:20,1
DA:21,1
DA:22,0
DA:23,0
DA:24,1
DA:25,1
DA:26,1
DA:27,1
DA:28,1
DA:29,1
DA:30,1
DA:31,1
DA:32,1
DA:33,1
DA:34,1
DA:35,1
DA:36,1
DA:37,1
DA:38,1
DA:39,1
DA:40,1
DA:41,1
DA:42,1
DA:43,1
DA:44,1
DA:45,1
DA:46,1
DA:47,1
DA:48,1
DA:49,1
DA:50,1
DA:51,0
DA:52,0
DA:53,1
DA:54,1
DA:55,1
DA:56,1
DA:57,0
DA:58,1
DA:59,1
DA:60,1
DA:61,1
DA:62,1
DA:63,1
DA:64,1
DA:65,1
DA:66,1
DA:67,1
DA:68,1
DA:69,1
DA:70,1
DA:71,1
DA:72,1
DA:73,1
DA:74,1
DA:75,1
DA:76,1
DA:77,1
DA:78,1
DA:79,1
DA:80,1
DA:81,1
DA:82,1
DA:83,1
DA:84,1
DA:85,1
DA:86,1
DA:87,1
DA:88,1
DA:89,1
DA:90,1
DA:91,1
DA:92,1
DA:93,1
DA:94,1
DA:95,1
DA:96,1
DA:97,1
DA:98,1
DA:99,1
DA:100,1
DA:101,1
DA:102,1
DA:103,1
DA:104,1
DA:105,1
DA:106,1
DA:107,1
DA:108,1
DA:109,1
LF:109
LH:102
BRDA:1,0,0,1
BRDA:14,1,0,0
BRDA:21,2,0,0
BRF:3
BRH:1
end_of_record
TN:
SF:lib/rate-limit-redis-adapter.js
FN:9,createRateLimitRedisStore
FN:24,errorCallback
FN:31,sendCommand
FN:43,createRateLimitMiddleware
FN:57,keyGenerator
FNF:5
FNH:4
FNDA:12,createRateLimitRedisStore
FNDA:0,errorCallback
FNDA:2,sendCommand
FNDA:12,createRateLimitMiddleware
FNDA:3,keyGenerator
DA:1,1
DA:2,1
DA:3,1
DA:4,1
DA:5,1
DA:6,1
DA:7,1
DA:8,1
DA:9,1
DA:10,12
DA:11,12
DA:12,12
DA:13,12
DA:14,9
DA:15,9
DA:16,3
DA:17,12
DA:18,1
DA:19,1
DA:20,2
DA:21,2
DA:22,2
DA:23,2
DA:24,2
DA:25,0
DA:26,0
DA:27,0
DA:28,2
DA:29,2
DA:30,2
DA:31,2
DA:32,2
DA:33,12
DA:34,1
DA:35,1
DA:36,1
DA:37,1
DA:38,1
DA:39,1
DA:40,1
DA:41,1
DA:42,1
DA:43,1
DA:44,12
DA:45,12
DA:46,12
DA:47,12
DA:48,12
DA:49,12
DA:50,12
DA:51,12
DA:52,12
DA:53,12
DA:54,12
DA:55,12
DA:56,12
DA:57,12
DA:58,3
DA:59,3
DA:60,3
DA:61,0
DA:62,0
DA:63,3
DA:64,12
DA:65,12
DA:66,12
DA:67,12
DA:68,12
DA:69,1
LF:69
LH:64
BRDA:1,0,0,1
BRDA:9,1,0,12
BRDA:13,2,0,4
BRDA:13,3,0,9
BRDA:16,4,0,3
BRDA:17,5,0,1
BRDA:20,6,0,2
BRDA:33,7,0,1
BRDA:31,8,0,2
BRDA:43,9,0,12
BRDA:47,10,0,6
BRDA:48,11,0,6
BRDA:57,12,0,3
BRDA:60,13,0,0
BRDA:63,14,0,0
BRF:15
BRH:13
end_of_record
TN:
SF:lib/redis-client.js
FN:8,RedisClient
FN:61,create
FN:74,get
FN:78,set
FN:85,del
FN:89,hgetall
FN:93,hset
FN:97,hmset
FN:101,rpush
FN:105,lrange
FN:109,ttl
FN:113,expire
FN:120,multi
FN:127,call
FN:134,disconnect
FN:141,getClient
FNF:16
FNH:11
FNDA:17,RedisClient
FNDA:6,create
FNDA:1,get
FNDA:2,set
FNDA:1,del
FNDA:1,hgetall
FNDA:0,hset
FNDA:0,hmset
FNDA:0,rpush
FNDA:1,lrange
FNDA:0,ttl
FNDA:0,expire
FNDA:1,multi
FNDA:1,call
FNDA:1,disconnect
FNDA:6,getClient
DA:1,1
DA:2,1
DA:3,1
DA:4,1
DA:5,1
DA:6,1
DA:7,1
DA:8,1
DA:9,17
DA:10,17
DA:11,17
DA:12,17
DA:13,17
DA:14,17
DA:15,17
DA:16,17
DA:17,17
DA:18,1
DA:19,1
DA:20,16
DA:21,16
DA:22,16
DA:23,16
DA:24,17
DA:25,1
DA:26,1
DA:27,15
DA:28,15
DA:29,15
DA:30,15
DA:31,15
DA:32,15
DA:33,15
DA:34,15
DA:35,15
DA:36,15
DA:37,17
DA:38,0
DA:39,0
DA:40,0
DA:41,0
DA:42,0
DA:43,15
DA:44,15
DA:45,15
DA:46,15
DA:47,15
DA:48,17
DA:49,5
DA:50,17
DA:51,10
DA:52,10
DA:53,0
DA:54,10
DA:55,10
DA:56,17
DA:57,1
DA:58,1
DA:59,1
DA:60,1
DA:61,1
DA:62,6
DA:63,6
DA:64,6
DA:65,1
DA:66,1
DA:67,5
DA:68,5
DA:69,6
DA:70,1
DA:71,1
DA:72,1
DA:73,1
DA:74,1
DA:75,1
DA:76,1
DA:77,1
DA:78,1
DA:79,2
DA:80,1
DA:81,1
DA:82,1
DA:83,2
DA:84,1
DA:85,1
DA:86,1
DA:87,1
DA:88,1
DA:89,1
DA:90,1
DA:91,1
DA:92,1
DA:93,1
DA:94,0
DA:95,0
DA:96,1
DA:97,1
DA:98,0
DA:99,0
DA:100,1
DA:101,1
DA:102,0
DA:103,0
DA:104,1
DA:105,1
DA:106,1
DA:107,1
DA:108,1
DA:109,1
DA:110,0
DA:111,0
DA:112,1
DA:113,1
DA:114,0
DA:115,0
DA:116,1
DA:117,1
DA:118,1
DA:119,1
DA:120,1
DA:121,1
DA:122,1
DA:123,1
DA:124,1
DA:125,1
DA:126,1
DA:127,1
DA:128,1
DA:129,1
DA:130,1
DA:131,1
DA:132,1
DA:133,1
DA:134,1
DA:135,1
DA:136,1
DA:137,1
DA:138,1
DA:139,1
DA:140,1
DA:141,1
DA:142,6
DA:143,6
DA:144,1
DA:145,1
DA:146,1
LF:146
LH:130
BRDA:1,0,0,1
BRDA:8,1,0,17
BRDA:17,2,0,1
BRDA:20,3,0,16
BRDA:24,4,0,1
BRDA:27,5,0,15
BRDA:37,6,0,0
BRDA:43,7,0,15
BRDA:48,8,0,5
BRDA:50,9,0,10
BRDA:61,10,0,6
BRDA:64,11,0,1
BRDA:67,12,0,5
BRDA:74,13,0,1
BRDA:78,14,0,2
BRDA:79,15,0,1
BRDA:85,16,0,1
BRDA:89,17,0,1
BRDA:105,18,0,1
BRDA:120,19,0,1
BRDA:127,20,0,1
BRDA:134,21,0,1
BRDA:141,22,0,6
BRF:23
BRH:22
end_of_record
TN:
SF:lib/run-mcp-server-and-then.js
FN:5,runMcpServerAndThen
FNF:1
FNH:1
FNDA:10,runMcpServerAndThen
DA:1,1
DA:2,1
DA:3,1
DA:4,1
DA:5,1
DA:6,10
DA:7,0
DA:8,0
DA:9,10
DA:10,10
DA:11,10
DA:12,10
DA:13,0
DA:14,0
DA:15,10
DA:16,0
DA:17,0
DA:18,10
DA:19,0
DA:20,0
DA:21,10
DA:22,10
DA:23,10
DA:24,10
DA:25,0
DA:26,0
DA:27,10
DA:28,0
DA:29,0
DA:30,10
DA:31,10
DA:32,10
DA:33,10
DA:34,10
DA:35,10
DA:36,10
DA:37,10
DA:38,10
DA:39,10
DA:40,10
DA:41,10
DA:42,10
DA:43,10
DA:44,10
DA:45,10
DA:46,10
DA:47,0
DA:48,0
DA:49,0
DA:50,0
DA:51,10
DA:52,10
DA:53,16
DA:54,16
DA:55,16
DA:56,16
DA:57,10
DA:58,10
DA:59,10
DA:60,10
DA:61,0
DA:62,0
DA:63,0
DA:64,0
DA:65,0
DA:66,10
DA:67,10
DA:68,10
DA:69,0
DA:70,0
DA:71,0
DA:72,0
DA:73,0
DA:74,0
DA:75,0
DA:76,0
DA:77,0
DA:78,0
DA:79,0
DA:80,0
DA:81,0
DA:82,0
DA:83,10
DA:84,10
DA:85,10
DA:86,10
DA:87,10
DA:88,10
DA:89,10
DA:90,10
DA:91,10
LF:91
LH:56
BRDA:2,0,0,1
BRDA:5,1,0,10
BRDA:6,2,0,0
BRDA:12,3,0,0
BRDA:15,4,0,0
BRDA:18,5,0,0
BRDA:24,6,0,0
BRDA:27,7,0,0
BRDA:52,8,0,16
BRDA:56,9,0,10
BRDA:60,10,0,0
BRDA:84,11,0,10
BRF:12
BRH:5
end_of_record
TN:
SF:lib/server.js
FN:25,server
FN:56,exitFunc
FN:93,logEventCtxError
FN:214,appListenFunc
FNF:4
FNH:2
FNDA:6,server
FNDA:0,exitFunc
FNDA:0,logEventCtxError
FNDA:5,appListenFunc
DA:1,1
DA:2,1
DA:3,1
DA:4,1
DA:5,1
DA:6,1
DA:7,1
DA:8,1
DA:9,1
DA:10,1
DA:11,1
DA:12,1
DA:13,1
DA:14,1
DA:15,1
DA:16,1
DA:17,1
DA:18,1
DA:19,1
DA:20,1
DA:21,1
DA:22,1
DA:23,1
DA:24,1
DA:25,6
DA:26,6
DA:27,6
DA:28,6
DA:29,6
DA:30,6
DA:31,6
DA:32,6
DA:33,6
DA:34,6
DA:35,6
DA:36,6
DA:37,6
DA:38,6
DA:39,6
DA:40,6
DA:41,6
DA:42,6
DA:43,6
DA:44,6
DA:45,1
DA:46,1
DA:47,5
DA:48,5
DA:49,5
DA:50,6
DA:51,0
DA:52,0
DA:53,5
DA:54,5
DA:55,6
DA:56,0
DA:57,0
DA:58,0
DA:59,0
DA:60,5
DA:61,5
DA:62,0
DA:63,0
DA:64,5
DA:65,5
DA:66,5
DA:67,5
DA:68,5
DA:69,5
DA:70,5
DA:71,5
DA:72,5
DA:73,5
DA:74,5
DA:75,6
DA:76,0
DA:77,0
DA:78,0
DA:79,0
DA:80,0
DA:81,0
DA:82,6
DA:83,5
DA:84,5
DA:85,5
DA:86,5
DA:87,5
DA:88,5
DA:89,5
DA:90,5
DA:91,5
DA:92,5
DA:93,5
DA:94,0
DA:95,0
DA:96,0
DA:97,0
DA:98,0
DA:99,0
DA:100,0
DA:101,0
DA:102,0
DA:103,0
DA:104,5
DA:105,5
DA:106,5
DA:107,5
DA:108,5
DA:109,5
DA:110,5
DA:111,5
DA:112,5
DA:113,5
DA:114,5
DA:115,5
DA:116,5
DA:117,5
DA:118,5
DA:119,5
DA:120,5
DA:121,5
DA:122,5
DA:123,5
DA:124,6
DA:125,0
DA:126,0
DA:127,0
DA:128,0
DA:129,0
DA:130,0
DA:131,0
DA:132,0
DA:133,0
DA:134,0
DA:135,0
DA:136,0
DA:137,0
DA:138,0
DA:139,0
DA:140,0
DA:141,0
DA:142,0
DA:143,0
DA:144,6
DA:145,5
DA:146,5
DA:147,5
DA:148,5
DA:149,5
DA:150,5
DA:151,5
DA:152,5
DA:153,5
DA:154,5
DA:155,5
DA:156,5
DA:157,5
DA:158,5
DA:159,5
DA:160,6
DA:161,6
DA:162,2
DA:163,2
DA:164,2
DA:165,2
DA:166,2
DA:167,2
DA:168,2
DA:169,2
DA:170,2
DA:171,2
DA:172,2
DA:173,2
DA:174,2
DA:175,2
DA:176,2
DA:177,2
DA:178,2
DA:179,2
DA:180,2
DA:181,2
DA:182,2
DA:183,2
DA:184,2
DA:185,2
DA:186,6
DA:187,6
DA:188,6
DA:189,6
DA:190,6
DA:191,6
DA:192,6
DA:193,6
DA:194,6
DA:195,6
DA:196,6
DA:197,6
DA:198,0
DA:199,0
DA:200,0
DA:201,0
DA:202,0
DA:203,0
DA:204,0
DA:205,0
DA:206,0
DA:207,0
DA:208,0
DA:209,0
DA:210,0
DA:211,6
DA:212,6
DA:213,6
DA:214,6
DA:215,5
DA:216,5
DA:217,5
DA:218,5
DA:219,5
DA:220,5
DA:221,5
DA:222,5
DA:223,5
DA:224,5
DA:225,5
DA:226,5
DA:227,5
DA:228,6
DA:229,6
DA:230,6
DA:231,6
DA:232,6
DA:233,6
DA:234,6
DA:235,6
DA:236,6
DA:237,6
DA:238,0
DA:239,0
DA:240,1
DA:241,1
DA:242,1
LF:242
LH:184
BRDA:1,0,0,1
BRDA:25,1,0,6
BRDA:44,2,0,1
BRDA:47,3,0,5
BRDA:50,4,0,0
BRDA:53,5,0,5
BRDA:55,6,0,0
BRDA:60,7,0,5
BRDA:75,8,0,0
BRDA:82,9,0,5
BRDA:124,10,0,0
BRDA:144,11,0,5
BRDA:160,12,0,0
BRDA:237,13,0,0
BRDA:161,14,0,2
BRDA:214,15,0,5
BRDA:215,16,0,5
BRF:17
BRH:11
end_of_record
TN:
SF:lib/token-redis-adapter.js
FN:19,grantKeyFor
FN:23,userCodeKeyFor
FN:27,uidKeyFor
FN:31,<static_initializer>
FN:32,TokenRedisAdapter
FN:41,init
FN:60,disconnect
FN:64,upsert
FN:102,find
FN:122,findByUid
FN:127,findByUserCode
FN:132,destroy
FN:137,revokeByGrantId
FN:145,consume
FN:149,key
FNF:15
FNH:15
FNDA:3,grantKeyFor
FNDA:1,userCodeKeyFor
FNDA:1,uidKeyFor
FNDA:1,<static_initializer>
FNDA:16,TokenRedisAdapter
FNDA:24,init
FNDA:6,disconnect
FNDA:3,upsert
FNDA:5,find
FNDA:1,findByUid
FNDA:1,findByUserCode
FNDA:1,destroy
FNDA:1,revokeByGrantId
FNDA:1,consume
FNDA:11,key
DA:1,1
DA:2,1
DA:3,1
DA:4,1
DA:5,1
DA:6,1
DA:7,1
DA:8,1
DA:9,1
DA:10,1
DA:11,1
DA:12,1
DA:13,1
DA:14,1
DA:15,1
DA:16,1
DA:17,1
DA:18,1
DA:19,3
DA:20,3
DA:21,3
DA:22,1
DA:23,1
DA:24,1
DA:25,1
DA:26,1
DA:27,1
DA:28,1
DA:29,1
DA:30,1
DA:31,1
DA:32,1
DA:33,16
DA:34,1
DA:35,1
DA:36,15
DA:37,16
DA:38,1
DA:39,1
DA:40,1
DA:41,1
DA:42,24
DA:43,24
DA:44,24
DA:45,24
DA:46,24
DA:47,2
DA:48,2
DA:49,22
DA:50,22
DA:51,22
DA:52,22
DA:53,22
DA:54,22
DA:55,22
DA:56,22
DA:57,22
DA:58,24
DA:59,1
DA:60,1
DA:61,6
DA:62,6
DA:63,1
DA:64,1
DA:65,3
DA:66,3
DA:67,3
DA:68,3
DA:69,3
DA:70,3
DA:71,3
DA:72,3
DA:73,3
DA:74,3
DA:75,3
DA:76,3
DA:77,1
DA:78,1
DA:79,1
DA:80,1
DA:81,1
DA:82,1
DA:83,1
DA:84,1
DA:85,1
DA:86,3
DA:87,3
DA:88,0
DA:89,0
DA:90,0
DA:91,0
DA:92,3
DA:93,3
DA:94,0
DA:95,0
DA:96,0
DA:97,0
DA:98,3
DA:99,3
DA:100,3
DA:101,1
DA:102,1
DA:103,5
DA:104,5
DA:105,5
DA:106,4
DA:107,5
DA:108,1
DA:109,1
DA:110,4
DA:111,5
DA:112,3
DA:113,3
DA:114,1
DA:115,1
DA:116,1
DA:117,1
DA:118,1
DA:119,1
DA:120,5
DA:121,1
DA:122,1
DA:123,1
DA:124,1
DA:125,1
DA:126,1
DA:127,1
DA:128,1
DA:129,1
DA:130,1
DA:131,1
DA:132,1
DA:133,1
DA:134,1
DA:135,1
DA:136,1
DA:137,1
DA:138,1
DA:139,1
DA:140,1
DA:141,1
DA:142,1
DA:143,1
DA:144,1
DA:145,1
DA:146,1
DA:147,1
DA:148,1
DA:149,1
DA:150,11
DA:151,11
DA:152,1
DA:153,1
DA:154,1
LF:154
LH:146
BRDA:1,0,0,1
BRDA:19,1,0,3
BRDA:23,2,0,1
BRDA:27,3,0,1
BRDA:31,4,0,1
BRDA:32,5,0,16
BRDA:33,6,0,1
BRDA:36,7,0,15
BRDA:41,8,0,24
BRDA:46,9,0,2
BRDA:49,10,0,22
BRDA:60,11,0,6
BRDA:64,12,0,3
BRDA:67,13,0,1
BRDA:67,14,0,2
BRDA:70,15,0,1
BRDA:70,16,0,2
BRDA:76,17,0,1
BRDA:87,18,0,0
BRDA:93,19,0,0
BRDA:102,20,0,5
BRDA:104,21,0,1
BRDA:105,22,0,4
BRDA:106,23,0,4
BRDA:107,24,0,1
BRDA:110,25,0,4
BRDA:111,26,0,3
BRDA:114,27,0,1
BRDA:122,28,0,1
BRDA:127,29,0,1
BRDA:132,30,0,1
BRDA:137,31,0,1
BRDA:140,32,0,2
BRDA:145,33,0,1
BRDA:149,34,0,11
BRF:35
BRH:33
end_of_record
TN:
SF:lib/use-interaction-routes.js
FN:26,default
FN:42,setNoCache
FNF:2
FNH:1
FNDA:5,default
FNDA:0,setNoCache
DA:1,1
DA:2,1
DA:3,1
DA:4,1
DA:5,1
DA:6,1
DA:7,1
DA:8,1
DA:9,1
DA:10,1
DA:11,1
DA:12,1
DA:13,1
DA:14,1
DA:15,1
DA:16,1
DA:17,1
DA:18,1
DA:19,1
DA:20,1
DA:21,1
DA:22,1
DA:23,1
DA:24,1
DA:25,1
DA:26,1
DA:27,5
DA:28,0
DA:29,0
DA:30,0
DA:31,0
DA:32,0
DA:33,0
DA:34,0
DA:35,0
DA:36,0
DA:37,0
DA:38,0
DA:39,0
DA:40,5
DA:41,5
DA:42,5
DA:43,0
DA:44,0
DA:45,0
DA:46,5
DA:47,5
DA:48,0
DA:49,0
DA:50,0
DA:51,0
DA:52,0
DA:53,0
DA:54,0
DA:55,0
DA:56,0
DA:57,0
DA:58,0
DA:59,0
DA:60,0
DA:61,0
DA:62,0
DA:63,0
DA:64,0
DA:65,0
DA:66,0
DA:67,0
DA:68,0
DA:69,0
DA:70,0
DA:71,0
DA:72,0
DA:73,0
DA:74,0
DA:75,0
DA:76,5
DA:77,5
DA:78,5
DA:79,0
DA:80,0
DA:81,0
DA:82,0
DA:83,0
DA:84,0
DA:85,0
DA:86,0
DA:87,0
DA:88,0
DA:89,0
DA:90,0
DA:91,0
DA:92,0
DA:93,0
DA:94,0
DA:95,0
DA:96,0
DA:97,0
DA:98,0
DA:99,0
DA:100,0
DA:101,0
DA:102,5
DA:103,5
DA:104,5
DA:105,0
DA:106,0
DA:107,0
DA:108,0
DA:109,0
DA:110,0
DA:111,0
DA:112,0
DA:113,0
DA:114,0
DA:115,0
DA:116,0
DA:117,0
DA:118,5
DA:119,5
DA:120,5
DA:121,0
DA:122,0
DA:123,0
DA:124,0
DA:125,0
DA:126,0
DA:127,0
DA:128,0
DA:129,0
DA:130,0
DA:131,0
DA:132,0
DA:133,0
DA:134,0
DA:135,0
DA:136,0
DA:137,0
DA:138,0
DA:139,0
DA:140,0
DA:141,0
DA:142,0
DA:143,0
DA:144,0
DA:145,0
DA:146,0
DA:147,0
DA:148,0
DA:149,0
DA:150,0
DA:151,0
DA:152,0
DA:153,0
DA:154,0
DA:155,0
DA:156,0
DA:157,0
DA:158,0
DA:159,0
DA:160,0
DA:161,0
DA:162,0
DA:163,0
DA:164,0
DA:165,0
DA:166,0
DA:167,0
DA:168,0
DA:169,0
DA:170,0
DA:171,0
DA:172,0
DA:173,0
DA:174,0
DA:175,0
DA:176,0
DA:177,0
DA:178,0
DA:179,0
DA:180,0
DA:181,0
DA:182,0
DA:183,0
DA:184,0
DA:185,0
DA:186,0
DA:187,0
DA:188,0
DA:189,0
DA:190,0
DA:191,0
DA:192,5
DA:193,5
DA:194,5
DA:195,0
DA:196,0
DA:197,0
DA:198,0
DA:199,0
DA:200,0
DA:201,0
DA:202,0
DA:203,0
DA:204,5
DA:205,5
DA:206,5
DA:207,0
DA:208,0
DA:209,0
DA:210,0
DA:211,0
DA:212,0
DA:213,0
DA:214,0
DA:215,0
DA:216,0
DA:217,0
DA:218,5
DA:219,1
LF:219
LH:49
BRDA:1,0,0,1
BRDA:26,1,0,5
BRF:2
BRH:2
end_of_record
TN:
SF:lib/use-mcp-server-proxy.js
FN:12,useMcpServerProxy
FN:95,proxyReqFunc
FNF:2
FNH:2
FNDA:10,useMcpServerProxy
FNDA:6,proxyReqFunc
DA:1,1
DA:2,1
DA:3,1
DA:4,1
DA:5,1
DA:6,1
DA:7,1
DA:8,1
DA:9,1
DA:10,1
DA:11,1
DA:12,1
DA:13,10
DA:14,7
DA:15,7
DA:16,7
DA:17,2
DA:18,2
DA:19,2
DA:20,2
DA:21,2
DA:22,2
DA:23,2
DA:24,5
DA:25,5
DA:26,7
DA:27,0
DA:28,0
DA:29,0
DA:30,0
DA:31,0
DA:32,0
DA:33,0
DA:34,5
DA:35,5
DA:36,5
DA:37,7
DA:38,0
DA:39,0
DA:40,0
DA:41,0
DA:42,0
DA:43,0
DA:44,0
DA:45,5
DA:46,5
DA:47,5
DA:48,7
DA:49,0
DA:50,0
DA:51,0
DA:52,5
DA:53,5
DA:54,5
DA:55,5
DA:56,5
DA:57,7
DA:58,7
DA:59,7
DA:60,5
DA:61,5
DA:62,5
DA:63,5
DA:64,5
DA:65,7
DA:66,7
DA:67,7
DA:68,5
DA:69,5
DA:70,5
DA:71,5
DA:72,5
DA:73,5
DA:74,7
DA:75,0
DA:76,0
DA:77,7
DA:78,0
DA:79,0
DA:80,7
DA:81,0
DA:82,0
DA:83,7
DA:84,5
DA:85,5
DA:86,5
DA:87,5
DA:88,5
DA:89,7
DA:90,0
DA:91,0
DA:92,5
DA:93,5
DA:94,7
DA:95,7
DA:96,6
DA:97,6
DA:98,6
DA:99,6
DA:100,6
DA:101,6
DA:102,6
DA:103,6
DA:104,6
DA:105,6
DA:106,6
DA:107,6
DA:108,6
DA:109,6
DA:110,6
DA:111,6
DA:112,6
DA:113,6
DA:114,6
DA:115,3
DA:116,0
DA:117,0
DA:118,0
DA:119,0
DA:120,3
DA:121,3
DA:122,3
DA:123,3
DA:124,2
DA:125,2
DA:126,2
DA:127,2
DA:128,2
DA:129,2
DA:130,2
DA:131,1
DA:132,1
DA:133,1
DA:134,1
DA:135,1
DA:136,1
DA:137,1
DA:138,1
DA:139,1
DA:140,1
DA:141,6
DA:142,3
DA:143,3
DA:144,3
DA:145,3
DA:146,3
DA:147,3
DA:148,3
DA:149,3
DA:150,3
DA:151,6
DA:152,0
DA:153,0
DA:154,3
DA:155,3
DA:156,3
DA:157,3
DA:158,3
DA:159,3
DA:160,3
DA:161,3
DA:162,0
DA:163,0
DA:164,3
DA:165,3
DA:166,3
DA:167,0
DA:168,0
DA:169,0
DA:170,0
DA:171,3
DA:172,6
DA:173,6
DA:174,6
DA:175,6
DA:176,0
DA:177,0
DA:178,0
DA:179,0
DA:180,6
DA:181,6
DA:182,6
DA:183,0
DA:184,6
DA:185,6
DA:186,6
DA:187,6
DA:188,6
DA:189,0
DA:190,0
DA:191,6
DA:192,7
DA:193,7
DA:194,10
DA:195,10
LF:195
LH:151
BRDA:1,0,0,1
BRDA:12,1,0,10
BRDA:13,2,0,7
BRDA:16,3,0,2
BRDA:24,4,0,5
BRDA:26,5,0,0
BRDA:34,6,0,5
BRDA:37,7,0,0
BRDA:45,8,0,5
BRDA:48,9,0,0
BRDA:52,10,0,5
BRDA:57,11,0,0
BRDA:57,12,0,0
BRDA:59,13,0,5
BRDA:59,14,0,5
BRDA:67,15,0,5
BRDA:74,16,0,0
BRDA:77,17,0,5
BRDA:77,18,0,0
BRDA:80,19,0,5
BRDA:80,20,0,0
BRDA:83,21,0,5
BRDA:83,22,0,5
BRDA:84,23,0,0
BRDA:89,24,0,0
BRDA:92,25,0,5
BRDA:94,26,0,0
BRDA:94,27,0,5
BRDA:95,28,0,6
BRDA:99,29,0,0
BRDA:188,30,0,0
BRDA:108,31,0,6
BRDA:114,32,0,3
BRDA:115,33,0,0
BRDA:123,34,0,1
BRDA:123,35,0,2
BRDA:131,36,0,1
BRDA:142,37,0,3
BRDA:151,38,0,0
BRDA:154,39,0,3
BRDA:155,40,0,3
BRDA:159,41,0,3
BRDA:161,42,0,0
BRF:43
BRH:27
end_of_record
TN:
SF:lib/use-session-reset.js
FN:10,destroyAccess
FN:22,useSessionReset
FN:55,clearCookies
FN:64,getSessionResetUrl
FNF:4
FNH:4
FNDA:2,destroyAccess
FNDA:10,useSessionReset
FNDA:1,clearCookies
FNDA:3,getSessionResetUrl
DA:1,1
DA:2,1
DA:3,1
DA:4,1
DA:5,1
DA:6,1
DA:7,1
DA:8,1
DA:9,1
DA:10,1
DA:11,2
DA:12,2
DA:13,2
DA:14,2
DA:15,2
DA:16,2
DA:17,0
DA:18,0
DA:19,2
DA:20,1
DA:21,1
DA:22,1
DA:23,10
DA:24,10
DA:25,10
DA:26,10
DA:27,10
DA:28,10
DA:29,1
DA:30,1
DA:31,10
DA:32,10
DA:33,10
DA:34,1
DA:35,1
DA:36,1
DA:37,1
DA:38,1
DA:39,1
DA:40,1
DA:41,1
DA:42,1
DA:43,1
DA:44,1
DA:45,1
DA:46,1
DA:47,1
DA:48,1
DA:49,1
DA:50,1
DA:51,1
DA:52,10
DA:53,10
DA:54,1
DA:55,1
DA:56,1
DA:57,0
DA:58,0
DA:59,1
DA:60,3
DA:61,1
DA:62,1
DA:63,1
DA:64,1
DA:65,3
DA:66,3
LF:66
LH:62
BRDA:1,0,0,1
BRDA:10,1,0,2
BRDA:16,2,0,0
BRDA:22,3,0,10
BRDA:28,4,0,1
BRDA:33,5,0,1
BRDA:55,6,0,1
BRDA:56,7,0,0
BRDA:59,8,0,3
BRDA:64,9,0,3
BRF:10
BRH:8
end_of_record
